2025-03-07 14:48:00 | DEBUG | repo=Agency | action=pull
2025-10-22 18:11:00 | INFO | repo=Agency | action=commit
2025-09-06 16:08:00 | DEBUG | repo=Agency | action=edit | files=5
2025-04-13 14:52:00 | WARN | repo=Agency | action=commit
2025-11-12 18:32:00 | INFO | repo=Agency | action=edit | files=3
2025-03-17 20:12:00 | DEBUG | repo=Agency | action=commit
2025-09-23 18:04:00 | INFO | repo=Agency | action=edit | files=2
2025-12-20 08:29:00 | INFO | repo=Agency | action=commit
2025-08-09 12:58:00 | DEBUG | repo=Agency | action=commit
2025-10-16 15:12:00 | WARN | repo=Agency | action=commit
2025-04-12 18:36:00 | WARN | repo=Agency | action=edit | files=2
2025-07-11 16:10:00 | WARN | repo=Agency | action=commit
2025-04-11 18:25:00 | INFO | repo=Agency | action=test | passed=true
2025-05-11 12:06:00 | INFO | repo=Agency | action=edit | files=1
2025-07-27 21:34:00 | WARN | repo=Agency | action=commit
2025-09-21 15:13:00 | DEBUG | repo=Agency | action=test | passed=true
2025-05-13 16:26:00 | DEBUG | repo=Agency | action=commit
2025-04-06 08:36:00 | INFO | repo=Agency | action=commit
2025-07-27 13:47:00 | WARN | repo=Agency | action=commit
2025-07-16 21:28:00 | INFO | repo=Agency | action=commit
2025-04-27 18:10:00 | WARN | repo=Agency | action=commit
2025-05-06 16:16:00 | DEBUG | repo=Agency | action=commit
2025-08-12 09:36:00 | WARN | repo=Agency | action=pull
2025-07-18 17:36:00 | WARN | repo=Agency | action=commit
2025-07-21 08:28:00 | WARN | repo=Agency | action=commit
2025-04-01 20:52:00 | WARN | repo=Agency | action=edit | files=3
2025-07-15 19:51:00 | WARN | repo=Agency | action=commit
2025-11-20 08:06:00 | WARN | repo=Agency | action=commit
2025-10-22 10:39:00 | INFO | repo=Agency | action=pull
2025-03-26 14:49:00 | DEBUG | repo=Agency | action=commit
2025-04-03 18:15:00 | DEBUG | repo=Agency | action=commit
2025-09-04 09:02:00 | INFO | repo=Agency | action=commit
2025-10-08 07:03:00 | DEBUG | repo=Agency | action=edit | files=4
2025-09-18 19:38:00 | INFO | repo=Agency | action=commit
2025-08-07 11:01:00 | WARN | repo=Agency | action=commit
2025-11-05 09:47:00 | WARN | repo=Agency | action=commit
2025-07-21 13:11:00 | INFO | repo=Agency | action=edit | files=1
2025-11-09 18:41:00 | DEBUG | repo=Agency | action=commit
2025-06-05 13:03:00 | DEBUG | repo=Agency | action=commit
2025-12-16 16:15:00 | WARN | repo=Agency | action=commit
2025-06-10 18:59:00 | INFO | repo=Agency | action=commit
2025-06-15 10:13:00 | WARN | repo=Agency | action=commit
2025-01-09 08:18:00 | WARN | repo=Agency | action=commit
2025-06-04 21:00:00 | WARN | repo=Agency | action=commit
2025-04-21 12:17:00 | INFO | repo=Agency | action=commit
2025-06-03 20:37:00 | DEBUG | repo=Agency | action=commit
2025-07-28 19:25:00 | INFO | repo=Agency | action=commit
2025-09-17 08:21:00 | INFO | repo=Agency | action=commit
2025-11-03 16:15:00 | DEBUG | repo=Agency | action=commit
2025-07-10 12:39:00 | WARN | repo=Agency | action=edit | files=2
2025-11-21 15:31:00 | DEBUG | repo=Agency | action=commit
2025-11-08 18:56:00 | WARN | repo=Agency | action=commit
2025-01-21 09:44:00 | DEBUG | repo=Agency | action=test | passed=true
2025-09-05 15:10:00 | INFO | repo=Agency | action=commit
2025-07-06 14:06:00 | DEBUG | repo=Agency | action=edit | files=4
2025-06-20 13:52:00 | DEBUG | repo=Agency | action=pull
2025-06-21 19:09:00 | DEBUG | repo=Agency | action=edit | files=1
2025-07-10 18:39:00 | INFO | repo=Agency | action=commit
2025-05-23 19:15:00 | INFO | repo=Agency | action=edit | files=5
2025-01-04 14:46:00 | INFO | repo=Agency | action=test | passed=true
2025-03-10 14:11:00 | WARN | repo=Agency | action=edit | files=2
2025-08-06 09:50:00 | INFO | repo=Agency | action=test | passed=true
2025-12-25 07:52:00 | INFO | repo=Agency | action=commit
2025-07-02 13:25:00 | WARN | repo=Agency | action=pull
2025-10-10 12:34:00 | WARN | repo=Agency | action=commit
2025-12-12 07:45:00 | INFO | repo=Agency | action=commit
